{"/home/alex/pi_zero_stock/stock_fetch/fetch/adafruit.js":{"path":"/home/alex/pi_zero_stock/stock_fetch/fetch/adafruit.js","s":{"1":5,"2":5,"3":5,"4":4,"5":4,"6":4,"7":4,"8":3,"9":91,"10":18,"11":18,"12":42,"13":12,"14":18,"15":6,"16":6,"17":6,"18":1,"19":4,"20":5,"21":5,"22":5,"23":5,"24":5,"25":4,"26":4,"27":1,"28":5,"29":1},"b":{"1":[3,1],"2":[18,73],"3":[91,90,90,90],"4":[12,30],"5":[6,12],"6":[6,0],"7":[6,6,6],"8":[1,5],"9":[4,0]},"f":{"1":5,"2":4,"3":5},"fnMap":{"1":{"name":"(anonymous_1)","line":4,"loc":{"start":{"line":4,"column":13},"end":{"line":4,"column":38}}},"2":{"name":"(anonymous_2)","line":10,"loc":{"start":{"line":10,"column":9},"end":{"line":10,"column":13}}},"3":{"name":"(anonymous_3)","line":45,"loc":{"start":{"line":45,"column":9},"end":{"line":45,"column":16}}}},"statementMap":{"1":{"start":{"line":5,"column":4},"end":{"line":5,"column":27}},"2":{"start":{"line":6,"column":4},"end":{"line":6,"column":34}},"3":{"start":{"line":7,"column":4},"end":{"line":7,"column":19}},"4":{"start":{"line":11,"column":4},"end":{"line":11,"column":39}},"5":{"start":{"line":13,"column":4},"end":{"line":13,"column":41}},"6":{"start":{"line":14,"column":4},"end":{"line":14,"column":22}},"7":{"start":{"line":15,"column":4},"end":{"line":40,"column":5}},"8":{"start":{"line":17,"column":6},"end":{"line":39,"column":9}},"9":{"start":{"line":18,"column":8},"end":{"line":38,"column":9}},"10":{"start":{"line":21,"column":10},"end":{"line":21,"column":34}},"11":{"start":{"line":22,"column":10},"end":{"line":26,"column":13}},"12":{"start":{"line":23,"column":12},"end":{"line":25,"column":13}},"13":{"start":{"line":24,"column":14},"end":{"line":24,"column":33}},"14":{"start":{"line":28,"column":10},"end":{"line":37,"column":11}},"15":{"start":{"line":31,"column":12},"end":{"line":36,"column":13}},"16":{"start":{"line":32,"column":14},"end":{"line":32,"column":93}},"17":{"start":{"line":33,"column":14},"end":{"line":35,"column":15}},"18":{"start":{"line":34,"column":16},"end":{"line":34,"column":29}},"19":{"start":{"line":42,"column":4},"end":{"line":42,"column":17}},"20":{"start":{"line":46,"column":4},"end":{"line":60,"column":7}},"21":{"start":{"line":47,"column":6},"end":{"line":47,"column":19}},"22":{"start":{"line":48,"column":6},"end":{"line":48,"column":24}},"23":{"start":{"line":49,"column":6},"end":{"line":57,"column":7}},"24":{"start":{"line":50,"column":8},"end":{"line":50,"column":44}},"25":{"start":{"line":51,"column":8},"end":{"line":53,"column":9}},"26":{"start":{"line":52,"column":10},"end":{"line":52,"column":34}},"27":{"start":{"line":56,"column":8},"end":{"line":56,"column":25}},"28":{"start":{"line":59,"column":6},"end":{"line":59,"column":31}},"29":{"start":{"line":64,"column":0},"end":{"line":64,"column":26}}},"branchMap":{"1":{"line":15,"type":"if","locations":[{"start":{"line":15,"column":4},"end":{"line":15,"column":4}},{"start":{"line":15,"column":4},"end":{"line":15,"column":4}}]},"2":{"line":18,"type":"if","locations":[{"start":{"line":18,"column":8},"end":{"line":18,"column":8}},{"start":{"line":18,"column":8},"end":{"line":18,"column":8}}]},"3":{"line":18,"type":"binary-expr","locations":[{"start":{"line":18,"column":11},"end":{"line":18,"column":12}},{"start":{"line":18,"column":16},"end":{"line":18,"column":25}},{"start":{"line":18,"column":29},"end":{"line":18,"column":50}},{"start":{"line":19,"column":10},"end":{"line":19,"column":58}}]},"4":{"line":23,"type":"if","locations":[{"start":{"line":23,"column":12},"end":{"line":23,"column":12}},{"start":{"line":23,"column":12},"end":{"line":23,"column":12}}]},"5":{"line":28,"type":"if","locations":[{"start":{"line":28,"column":10},"end":{"line":28,"column":10}},{"start":{"line":28,"column":10},"end":{"line":28,"column":10}}]},"6":{"line":31,"type":"if","locations":[{"start":{"line":31,"column":12},"end":{"line":31,"column":12}},{"start":{"line":31,"column":12},"end":{"line":31,"column":12}}]},"7":{"line":31,"type":"binary-expr","locations":[{"start":{"line":31,"column":15},"end":{"line":31,"column":23}},{"start":{"line":31,"column":27},"end":{"line":31,"column":42}},{"start":{"line":31,"column":46},"end":{"line":31,"column":68}}]},"8":{"line":33,"type":"if","locations":[{"start":{"line":33,"column":14},"end":{"line":33,"column":14}},{"start":{"line":33,"column":14},"end":{"line":33,"column":14}}]},"9":{"line":51,"type":"if","locations":[{"start":{"line":51,"column":8},"end":{"line":51,"column":8}},{"start":{"line":51,"column":8},"end":{"line":51,"column":8}}]}}},"/home/alex/pi_zero_stock/stock_fetch/fetch/keywordfinder.js":{"path":"/home/alex/pi_zero_stock/stock_fetch/fetch/keywordfinder.js","s":{"1":1,"2":3,"3":3,"4":3,"5":3,"6":3,"7":3,"8":3,"9":0,"10":3},"b":{},"f":{"1":3,"2":3},"fnMap":{"1":{"name":"(anonymous_1)","line":4,"loc":{"start":{"line":4,"column":13},"end":{"line":4,"column":36}}},"2":{"name":"(anonymous_2)","line":10,"loc":{"start":{"line":10,"column":9},"end":{"line":10,"column":16}}}},"statementMap":{"1":{"start":{"line":3,"column":0},"end":{"line":22,"column":1}},"2":{"start":{"line":5,"column":4},"end":{"line":5,"column":27}},"3":{"start":{"line":6,"column":4},"end":{"line":6,"column":35}},"4":{"start":{"line":7,"column":4},"end":{"line":7,"column":42}},"5":{"start":{"line":12,"column":4},"end":{"line":20,"column":6}},"6":{"start":{"line":13,"column":6},"end":{"line":13,"column":24}},"7":{"start":{"line":14,"column":6},"end":{"line":18,"column":7}},"8":{"start":{"line":15,"column":8},"end":{"line":15,"column":47}},"9":{"start":{"line":17,"column":8},"end":{"line":17,"column":25}},"10":{"start":{"line":19,"column":6},"end":{"line":19,"column":32}}},"branchMap":{}},"/home/alex/pi_zero_stock/stock_fetch/fetch/pihut.js":{"path":"/home/alex/pi_zero_stock/stock_fetch/fetch/pihut.js","s":{"1":2,"2":2,"3":2,"4":2,"5":2,"6":2,"7":1,"8":1,"9":1,"10":1,"11":1,"12":0,"13":0,"14":2,"15":2,"16":2,"17":2,"18":2,"19":2,"20":2,"21":2,"22":2,"23":2,"24":2,"25":0,"26":0,"27":1},"b":{"1":[1,1],"2":[2,1],"3":[1,0],"4":[1,0],"5":[1,1]},"f":{"1":2,"2":2,"3":2},"fnMap":{"1":{"name":"(anonymous_1)","line":4,"loc":{"start":{"line":4,"column":13},"end":{"line":4,"column":23}}},"2":{"name":"(anonymous_2)","line":8,"loc":{"start":{"line":8,"column":13},"end":{"line":8,"column":19}}},"3":{"name":"(anonymous_3)","line":33,"loc":{"start":{"line":33,"column":9},"end":{"line":33,"column":16}}}},"statementMap":{"1":{"start":{"line":5,"column":4},"end":{"line":5,"column":27}},"2":{"start":{"line":10,"column":4},"end":{"line":30,"column":7}},"3":{"start":{"line":11,"column":6},"end":{"line":29,"column":9}},"4":{"start":{"line":12,"column":8},"end":{"line":12,"column":22}},"5":{"start":{"line":13,"column":8},"end":{"line":27,"column":9}},"6":{"start":{"line":14,"column":10},"end":{"line":23,"column":11}},"7":{"start":{"line":15,"column":12},"end":{"line":22,"column":15}},"8":{"start":{"line":16,"column":15},"end":{"line":21,"column":16}},"9":{"start":{"line":17,"column":17},"end":{"line":17,"column":56}},"10":{"start":{"line":18,"column":17},"end":{"line":20,"column":18}},"11":{"start":{"line":19,"column":20},"end":{"line":19,"column":33}},"12":{"start":{"line":25,"column":10},"end":{"line":25,"column":27}},"13":{"start":{"line":26,"column":10},"end":{"line":26,"column":21}},"14":{"start":{"line":28,"column":8},"end":{"line":28,"column":23}},"15":{"start":{"line":34,"column":4},"end":{"line":34,"column":19}},"16":{"start":{"line":35,"column":4},"end":{"line":35,"column":18}},"17":{"start":{"line":36,"column":4},"end":{"line":38,"column":6}},"18":{"start":{"line":39,"column":4},"end":{"line":39,"column":22}},"19":{"start":{"line":40,"column":4},"end":{"line":42,"column":7}},"20":{"start":{"line":41,"column":6},"end":{"line":41,"column":43}},"21":{"start":{"line":44,"column":4},"end":{"line":55,"column":7}},"22":{"start":{"line":47,"column":6},"end":{"line":49,"column":9}},"23":{"start":{"line":48,"column":8},"end":{"line":48,"column":17}},"24":{"start":{"line":50,"column":6},"end":{"line":50,"column":55}},"25":{"start":{"line":53,"column":6},"end":{"line":53,"column":23}},"26":{"start":{"line":54,"column":6},"end":{"line":54,"column":55}},"27":{"start":{"line":59,"column":0},"end":{"line":59,"column":23}}},"branchMap":{"1":{"line":14,"type":"if","locations":[{"start":{"line":14,"column":10},"end":{"line":14,"column":10}},{"start":{"line":14,"column":10},"end":{"line":14,"column":10}}]},"2":{"line":14,"type":"binary-expr","locations":[{"start":{"line":14,"column":13},"end":{"line":14,"column":17}},{"start":{"line":14,"column":21},"end":{"line":14,"column":34}}]},"3":{"line":16,"type":"if","locations":[{"start":{"line":16,"column":15},"end":{"line":16,"column":15}},{"start":{"line":16,"column":15},"end":{"line":16,"column":15}}]},"4":{"line":18,"type":"if","locations":[{"start":{"line":18,"column":17},"end":{"line":18,"column":17}},{"start":{"line":18,"column":17},"end":{"line":18,"column":17}}]},"5":{"line":18,"type":"binary-expr","locations":[{"start":{"line":18,"column":20},"end":{"line":18,"column":27}},{"start":{"line":18,"column":31},"end":{"line":18,"column":42}}]}}},"/home/alex/pi_zero_stock/stock_fetch/fetch/pimoroni.js":{"path":"/home/alex/pi_zero_stock/stock_fetch/fetch/pimoroni.js","s":{"1":2,"2":8,"3":8,"4":8,"5":8,"6":8,"7":3,"8":3,"9":3,"10":3,"11":3,"12":0,"13":0,"14":8,"15":2,"16":2,"17":2,"18":2,"19":2,"20":8,"21":2,"22":2,"23":8,"24":2,"25":0,"26":0,"27":1},"b":{"1":[3,5],"2":[8,3],"3":[3,0],"4":[3,0],"5":[3,3]},"f":{"1":2,"2":8,"3":2},"fnMap":{"1":{"name":"(anonymous_1)","line":4,"loc":{"start":{"line":4,"column":13},"end":{"line":4,"column":23}}},"2":{"name":"(anonymous_2)","line":8,"loc":{"start":{"line":8,"column":13},"end":{"line":8,"column":19}}},"3":{"name":"(anonymous_3)","line":33,"loc":{"start":{"line":33,"column":9},"end":{"line":33,"column":16}}}},"statementMap":{"1":{"start":{"line":5,"column":4},"end":{"line":5,"column":27}},"2":{"start":{"line":10,"column":4},"end":{"line":30,"column":7}},"3":{"start":{"line":11,"column":6},"end":{"line":29,"column":9}},"4":{"start":{"line":12,"column":8},"end":{"line":12,"column":22}},"5":{"start":{"line":13,"column":8},"end":{"line":27,"column":9}},"6":{"start":{"line":14,"column":10},"end":{"line":23,"column":11}},"7":{"start":{"line":15,"column":12},"end":{"line":22,"column":15}},"8":{"start":{"line":16,"column":15},"end":{"line":21,"column":16}},"9":{"start":{"line":17,"column":17},"end":{"line":17,"column":56}},"10":{"start":{"line":18,"column":17},"end":{"line":20,"column":18}},"11":{"start":{"line":19,"column":20},"end":{"line":19,"column":33}},"12":{"start":{"line":25,"column":10},"end":{"line":25,"column":27}},"13":{"start":{"line":26,"column":10},"end":{"line":26,"column":21}},"14":{"start":{"line":28,"column":8},"end":{"line":28,"column":23}},"15":{"start":{"line":34,"column":4},"end":{"line":34,"column":19}},"16":{"start":{"line":35,"column":4},"end":{"line":35,"column":18}},"17":{"start":{"line":36,"column":4},"end":{"line":41,"column":6}},"18":{"start":{"line":42,"column":4},"end":{"line":42,"column":22}},"19":{"start":{"line":43,"column":4},"end":{"line":45,"column":7}},"20":{"start":{"line":44,"column":6},"end":{"line":44,"column":43}},"21":{"start":{"line":47,"column":4},"end":{"line":58,"column":7}},"22":{"start":{"line":50,"column":6},"end":{"line":52,"column":9}},"23":{"start":{"line":51,"column":8},"end":{"line":51,"column":17}},"24":{"start":{"line":53,"column":6},"end":{"line":53,"column":55}},"25":{"start":{"line":56,"column":6},"end":{"line":56,"column":23}},"26":{"start":{"line":57,"column":6},"end":{"line":57,"column":55}},"27":{"start":{"line":62,"column":0},"end":{"line":62,"column":32}}},"branchMap":{"1":{"line":14,"type":"if","locations":[{"start":{"line":14,"column":10},"end":{"line":14,"column":10}},{"start":{"line":14,"column":10},"end":{"line":14,"column":10}}]},"2":{"line":14,"type":"binary-expr","locations":[{"start":{"line":14,"column":13},"end":{"line":14,"column":17}},{"start":{"line":14,"column":21},"end":{"line":14,"column":34}}]},"3":{"line":16,"type":"if","locations":[{"start":{"line":16,"column":15},"end":{"line":16,"column":15}},{"start":{"line":16,"column":15},"end":{"line":16,"column":15}}]},"4":{"line":18,"type":"if","locations":[{"start":{"line":18,"column":17},"end":{"line":18,"column":17}},{"start":{"line":18,"column":17},"end":{"line":18,"column":17}}]},"5":{"line":18,"type":"binary-expr","locations":[{"start":{"line":18,"column":20},"end":{"line":18,"column":27}},{"start":{"line":18,"column":31},"end":{"line":18,"column":42}}]}}}}