TN:
SF:/home/alex/pi_zero_stock/stock_fetch/fetch/adafruit.js
FN:4,(anonymous_1)
FN:10,(anonymous_2)
FN:45,(anonymous_3)
FNF:3
FNH:3
FNDA:5,(anonymous_1)
FNDA:4,(anonymous_2)
FNDA:5,(anonymous_3)
DA:5,5
DA:6,5
DA:7,5
DA:11,4
DA:13,4
DA:14,4
DA:15,4
DA:17,3
DA:18,91
DA:21,18
DA:22,18
DA:23,42
DA:24,12
DA:28,18
DA:31,6
DA:32,6
DA:33,6
DA:34,1
DA:42,4
DA:46,5
DA:47,5
DA:48,5
DA:49,5
DA:50,5
DA:51,4
DA:52,4
DA:56,1
DA:59,5
DA:64,1
LF:29
LH:29
BRDA:15,1,0,3
BRDA:15,1,1,1
BRDA:18,2,0,18
BRDA:18,2,1,73
BRDA:18,3,0,91
BRDA:18,3,1,90
BRDA:18,3,2,90
BRDA:18,3,3,90
BRDA:23,4,0,12
BRDA:23,4,1,30
BRDA:28,5,0,6
BRDA:28,5,1,12
BRDA:31,6,0,6
BRDA:31,6,1,0
BRDA:31,7,0,6
BRDA:31,7,1,6
BRDA:31,7,2,6
BRDA:33,8,0,1
BRDA:33,8,1,5
BRDA:51,9,0,4
BRDA:51,9,1,0
BRF:21
BRH:19
end_of_record
TN:
SF:/home/alex/pi_zero_stock/stock_fetch/fetch/keywordfinder.js
FN:4,(anonymous_1)
FN:10,(anonymous_2)
FNF:2
FNH:2
FNDA:3,(anonymous_1)
FNDA:3,(anonymous_2)
DA:3,1
DA:5,3
DA:6,3
DA:7,3
DA:12,3
DA:13,3
DA:14,3
DA:15,3
DA:17,0
DA:19,3
LF:10
LH:9
BRF:0
BRH:0
end_of_record
TN:
SF:/home/alex/pi_zero_stock/stock_fetch/fetch/pihut.js
FN:4,(anonymous_1)
FN:8,(anonymous_2)
FN:33,(anonymous_3)
FNF:3
FNH:3
FNDA:2,(anonymous_1)
FNDA:2,(anonymous_2)
FNDA:2,(anonymous_3)
DA:5,2
DA:10,2
DA:11,2
DA:12,2
DA:13,2
DA:14,2
DA:15,1
DA:16,1
DA:17,1
DA:18,1
DA:19,1
DA:25,0
DA:26,0
DA:28,2
DA:34,2
DA:35,2
DA:36,2
DA:39,2
DA:40,2
DA:41,2
DA:44,2
DA:47,2
DA:48,2
DA:50,2
DA:53,0
DA:54,0
DA:59,1
LF:27
LH:23
BRDA:14,1,0,1
BRDA:14,1,1,1
BRDA:14,2,0,2
BRDA:14,2,1,1
BRDA:16,3,0,1
BRDA:16,3,1,0
BRDA:18,4,0,1
BRDA:18,4,1,0
BRDA:18,5,0,1
BRDA:18,5,1,1
BRF:10
BRH:8
end_of_record
TN:
SF:/home/alex/pi_zero_stock/stock_fetch/fetch/pimoroni.js
FN:4,(anonymous_1)
FN:8,(anonymous_2)
FN:33,(anonymous_3)
FNF:3
FNH:3
FNDA:2,(anonymous_1)
FNDA:8,(anonymous_2)
FNDA:2,(anonymous_3)
DA:5,2
DA:10,8
DA:11,8
DA:12,8
DA:13,8
DA:14,8
DA:15,3
DA:16,3
DA:17,3
DA:18,3
DA:19,3
DA:25,0
DA:26,0
DA:28,8
DA:34,2
DA:35,2
DA:36,2
DA:42,2
DA:43,2
DA:44,8
DA:47,2
DA:50,2
DA:51,8
DA:53,2
DA:56,0
DA:57,0
DA:62,1
LF:27
LH:23
BRDA:14,1,0,3
BRDA:14,1,1,5
BRDA:14,2,0,8
BRDA:14,2,1,3
BRDA:16,3,0,3
BRDA:16,3,1,0
BRDA:18,4,0,3
BRDA:18,4,1,0
BRDA:18,5,0,3
BRDA:18,5,1,3
BRF:10
BRH:8
end_of_record
